<?xml version="1.0" encoding="UTF-8"?>
<!-- Generated by org.testng.reporters.JUnitReportReporter -->
<testsuite hostname="Himanshu-PC" name="com.crm.qa.testcases.SignUpPageTest" tests="5" failures="0" timestamp="9 Aug 2018 17:26:28 GMT" time="9.193" errors="0">
  <testcase name="validateSignUpPageTest" time="0.680" classname="com.crm.qa.testcases.SignUpPageTest"/>
  <testcase name="signUpPageAllFieldsTest" time="8.241" classname="com.crm.qa.testcases.SignUpPageTest"/>
  <testcase name="verifySignUpFieldTextTest" time="0.086" classname="com.crm.qa.testcases.SignUpPageTest"/>
  <testcase name="verifyEditionTextTest" time="0.064" classname="com.crm.qa.testcases.SignUpPageTest"/>
  <testcase name="verifySignUpCrmLogoTest" time="0.122" classname="com.crm.qa.testcases.SignUpPageTest"/>
</testsuite> <!-- com.crm.qa.testcases.SignUpPageTest -->
