<?xml version="1.0" encoding="UTF-8"?>
<!-- Generated by org.testng.reporters.JUnitReportReporter -->
<testsuite hostname="Himanshu-PC" name="com.crm.qa.testcases.ContactsPageTest" tests="10" failures="0" timestamp="22 Aug 2018 15:19:45 GMT" time="25.048" errors="0">
  <testcase name="validateCreateNewContact" time="4.560" classname="com.crm.qa.testcases.ContactsPageTest"/>
  <testcase name="selectSingleContactsTest" time="1.037" classname="com.crm.qa.testcases.ContactsPageTest"/>
  <testcase name="selectMultipleContactsTest" time="1.055" classname="com.crm.qa.testcases.ContactsPageTest"/>
  <testcase name="validateCreateNewContact" time="4.384" classname="com.crm.qa.testcases.ContactsPageTest"/>
  <testcase name="deleteContactsFromList" time="0.145" classname="com.crm.qa.testcases.ContactsPageTest"/>
  <testcase name="deleteSelectedContacts" time="4.479" classname="com.crm.qa.testcases.ContactsPageTest"/>
  <testcase name="deleteContactsFromList" time="0.148" classname="com.crm.qa.testcases.ContactsPageTest"/>
  <testcase name="validateCreateNewContact" time="7.628" classname="com.crm.qa.testcases.ContactsPageTest"/>
  <testcase name="deleteContactsFromList" time="0.182" classname="com.crm.qa.testcases.ContactsPageTest"/>
  <testcase name="verifyContactsPageLabel" time="1.430" classname="com.crm.qa.testcases.ContactsPageTest"/>
</testsuite> <!-- com.crm.qa.testcases.ContactsPageTest -->
