<?xml version="1.0" encoding="UTF-8"?>
<!-- Generated by org.testng.reporters.JUnitReportReporter -->
<testsuite hostname="Himanshu-PC" name="com.crm.qa.testcases.SignUpPageTest" tests="5" failures="0" timestamp="29 Aug 2018 20:21:06 GMT" time="8.806" errors="0">
  <testcase name="validateSignUpPageTest" time="0.214" classname="com.crm.qa.testcases.SignUpPageTest"/>
  <testcase name="verifySignUpFieldTextTest" time="0.074" classname="com.crm.qa.testcases.SignUpPageTest"/>
  <testcase name="verifyEditionTextTest" time="0.059" classname="com.crm.qa.testcases.SignUpPageTest"/>
  <testcase name="signUpPageAllFieldsTest" time="8.397" classname="com.crm.qa.testcases.SignUpPageTest"/>
  <testcase name="verifySignUpCrmLogoTest" time="0.062" classname="com.crm.qa.testcases.SignUpPageTest"/>
</testsuite> <!-- com.crm.qa.testcases.SignUpPageTest -->
